2022-11-20 16:22:29.776 [threadPoolTaskExecutor-4] ERROR [] [schedule-ajob] c.java.tutorial.project.schedule.ScheduleRunnable.run:33 - 执行定时任务异常  - ：
java.lang.InterruptedException: sleep interrupted
	at java.base/java.lang.Thread.sleep(Native Method)
	at com.java.tutorial.project.schedule.ScheduleRunnable.run(ScheduleRunnable.java:30)
	at java.base/java.util.concurrent.Executors$RunnableAdapter.call(Executors.java:539)
	at java.base/java.util.concurrent.FutureTask.run(FutureTask.java:264)
	at java.base/java.util.concurrent.ThreadPoolExecutor.runWorker(ThreadPoolExecutor.java:1136)
	at java.base/java.util.concurrent.ThreadPoolExecutor$Worker.run(ThreadPoolExecutor.java:635)
	at java.base/java.lang.Thread.run(Thread.java:833)
2022-11-20 16:26:29.407 [threadPoolTaskExecutor-4] ERROR [] [schedule-ajob] c.java.tutorial.project.schedule.ScheduleRunnable.?:? - 执行定时任务异常  - ：
java.lang.InterruptedException: sleep interrupted
	at java.base/java.lang.Thread.sleep(Native Method)
	at com.java.tutorial.project.schedule.ScheduleRunnable.run(ScheduleRunnable.java:27)
	at java.base/java.util.concurrent.Executors$RunnableAdapter.call(Executors.java:539)
	at java.base/java.util.concurrent.FutureTask.run(FutureTask.java:264)
	at java.base/java.util.concurrent.ThreadPoolExecutor.runWorker(ThreadPoolExecutor.java:1136)
	at java.base/java.util.concurrent.ThreadPoolExecutor$Worker.run(ThreadPoolExecutor.java:635)
	at java.base/java.lang.Thread.run(Thread.java:833)
2022-11-20 19:45:50.402 [quartzScheduler_Worker-1] ERROR [] [schedule-job] org.quartz.core.JobRunShell.run:211 - Job DEFAULT.Date Time Job threw an unhandled Exception: 
java.lang.NullPointerException: Cannot invoke "String.isEmpty()" because "traceId" is null
	at com.java.tutorial.project.util.TraceIDUtil.getTraceId(TraceIDUtil.java:44)
	at com.java.tutorial.project.job.SpringQuartzJob.executeInternal(SpringQuartzJob.java:28)
	at org.springframework.scheduling.quartz.QuartzJobBean.execute(QuartzJobBean.java:75)
	at org.quartz.core.JobRunShell.run(JobRunShell.java:202)
	at org.quartz.simpl.SimpleThreadPool$WorkerThread.run(SimpleThreadPool.java:573)
2022-11-20 19:45:50.402 [quartzScheduler_Worker-1] ERROR [] [schedule-job] org.quartz.core.ErrorLogger.schedulerError:2407 - Job (DEFAULT.Date Time Job threw an exception.
org.quartz.SchedulerException: Job threw an unhandled exception.
	at org.quartz.core.JobRunShell.run(JobRunShell.java:213)
	at org.quartz.simpl.SimpleThreadPool$WorkerThread.run(SimpleThreadPool.java:573)
Caused by: java.lang.NullPointerException: Cannot invoke "String.isEmpty()" because "traceId" is null
	at com.java.tutorial.project.util.TraceIDUtil.getTraceId(TraceIDUtil.java:44)
	at com.java.tutorial.project.job.SpringQuartzJob.executeInternal(SpringQuartzJob.java:28)
	at org.springframework.scheduling.quartz.QuartzJobBean.execute(QuartzJobBean.java:75)
	at org.quartz.core.JobRunShell.run(JobRunShell.java:202)
	... 1 common frames omitted
2022-11-20 19:46:00.002 [quartzScheduler_Worker-2] ERROR [] [schedule-job] org.quartz.core.JobRunShell.run:211 - Job DEFAULT.Date Time Job threw an unhandled Exception: 
java.lang.NullPointerException: Cannot invoke "String.isEmpty()" because "traceId" is null
	at com.java.tutorial.project.util.TraceIDUtil.getTraceId(TraceIDUtil.java:44)
	at com.java.tutorial.project.job.SpringQuartzJob.executeInternal(SpringQuartzJob.java:28)
	at org.springframework.scheduling.quartz.QuartzJobBean.execute(QuartzJobBean.java:75)
	at org.quartz.core.JobRunShell.run(JobRunShell.java:202)
	at org.quartz.simpl.SimpleThreadPool$WorkerThread.run(SimpleThreadPool.java:573)
2022-11-20 19:46:00.002 [quartzScheduler_Worker-2] ERROR [] [schedule-job] org.quartz.core.ErrorLogger.schedulerError:2407 - Job (DEFAULT.Date Time Job threw an exception.
org.quartz.SchedulerException: Job threw an unhandled exception.
	at org.quartz.core.JobRunShell.run(JobRunShell.java:213)
	at org.quartz.simpl.SimpleThreadPool$WorkerThread.run(SimpleThreadPool.java:573)
Caused by: java.lang.NullPointerException: Cannot invoke "String.isEmpty()" because "traceId" is null
	at com.java.tutorial.project.util.TraceIDUtil.getTraceId(TraceIDUtil.java:44)
	at com.java.tutorial.project.job.SpringQuartzJob.executeInternal(SpringQuartzJob.java:28)
	at org.springframework.scheduling.quartz.QuartzJobBean.execute(QuartzJobBean.java:75)
	at org.quartz.core.JobRunShell.run(JobRunShell.java:202)
	... 1 common frames omitted
2022-11-20 21:50:52.068 [quartzScheduler_Worker-1] ERROR [c0a85811668952250047712865388] [schedule-job] org.quartz.core.JobRunShell.run:211 - Job DEFAULT.Date Time Job threw an unhandled Exception: 
java.lang.IllegalStateException: No tasks run: can't get last task interval
	at org.springframework.util.StopWatch.getLastTaskTimeMillis(StopWatch.java:202)
	at com.java.tutorial.project.job.SpringQuartzJob.executeInternal(SpringQuartzJob.java:40)
	at org.springframework.scheduling.quartz.QuartzJobBean.execute(QuartzJobBean.java:75)
	at org.quartz.core.JobRunShell.run(JobRunShell.java:202)
	at org.quartz.simpl.SimpleThreadPool$WorkerThread.run(SimpleThreadPool.java:573)
2022-11-20 21:50:52.068 [quartzScheduler_Worker-1] ERROR [c0a85811668952250047712865388] [schedule-job] org.quartz.core.ErrorLogger.schedulerError:2407 - Job (DEFAULT.Date Time Job threw an exception.
org.quartz.SchedulerException: Job threw an unhandled exception.
	at org.quartz.core.JobRunShell.run(JobRunShell.java:213)
	at org.quartz.simpl.SimpleThreadPool$WorkerThread.run(SimpleThreadPool.java:573)
Caused by: java.lang.IllegalStateException: No tasks run: can't get last task interval
	at org.springframework.util.StopWatch.getLastTaskTimeMillis(StopWatch.java:202)
	at com.java.tutorial.project.job.SpringQuartzJob.executeInternal(SpringQuartzJob.java:40)
	at org.springframework.scheduling.quartz.QuartzJobBean.execute(QuartzJobBean.java:75)
	at org.quartz.core.JobRunShell.run(JobRunShell.java:202)
	... 1 common frames omitted
2022-11-20 21:51:02.050 [quartzScheduler_Worker-2] ERROR [c0a858116689522600266a3865388] [schedule-job] org.quartz.core.JobRunShell.run:211 - Job DEFAULT.Date Time Job threw an unhandled Exception: 
java.lang.IllegalStateException: No tasks run: can't get last task interval
	at org.springframework.util.StopWatch.getLastTaskTimeMillis(StopWatch.java:202)
	at com.java.tutorial.project.job.SpringQuartzJob.executeInternal(SpringQuartzJob.java:40)
	at org.springframework.scheduling.quartz.QuartzJobBean.execute(QuartzJobBean.java:75)
	at org.quartz.core.JobRunShell.run(JobRunShell.java:202)
	at org.quartz.simpl.SimpleThreadPool$WorkerThread.run(SimpleThreadPool.java:573)
2022-11-20 21:51:02.050 [quartzScheduler_Worker-2] ERROR [c0a858116689522600266a3865388] [schedule-job] org.quartz.core.ErrorLogger.schedulerError:2407 - Job (DEFAULT.Date Time Job threw an exception.
org.quartz.SchedulerException: Job threw an unhandled exception.
	at org.quartz.core.JobRunShell.run(JobRunShell.java:213)
	at org.quartz.simpl.SimpleThreadPool$WorkerThread.run(SimpleThreadPool.java:573)
Caused by: java.lang.IllegalStateException: No tasks run: can't get last task interval
	at org.springframework.util.StopWatch.getLastTaskTimeMillis(StopWatch.java:202)
	at com.java.tutorial.project.job.SpringQuartzJob.executeInternal(SpringQuartzJob.java:40)
	at org.springframework.scheduling.quartz.QuartzJobBean.execute(QuartzJobBean.java:75)
	at org.quartz.core.JobRunShell.run(JobRunShell.java:202)
	... 1 common frames omitted
