2022-11-20 15:47:25.324 [main] INFO  [] [schedule-ajob] c.j.tutorial.project.SpringBootProjectApplication.logStarting:55 - Starting SpringBootProjectApplication using Java 17.0.1 on HY-001 with PID 11952 (F:\NewProject\java-util\spring-boot-project-schedule-job\target\classes started by HY in F:\NewProject\java-util)
2022-11-20 15:47:25.337 [main] INFO  [] [schedule-ajob] c.j.tutorial.project.SpringBootProjectApplication.logStartupProfileInfo:634 - No active profile set, falling back to 1 default profile: "default"
2022-11-20 15:47:26.924 [main] INFO  [] [schedule-ajob] o.s.boot.web.embedded.tomcat.TomcatWebServer.initialize:108 - Tomcat initialized with port(s): 8768 (http)
2022-11-20 15:47:26.937 [main] INFO  [] [schedule-ajob] org.apache.coyote.http11.Http11NioProtocol.log:173 - Initializing ProtocolHandler ["http-nio-8768"]
2022-11-20 15:47:26.938 [main] INFO  [] [schedule-ajob] org.apache.catalina.core.StandardService.log:173 - Starting service [Tomcat]
2022-11-20 15:47:26.939 [main] INFO  [] [schedule-ajob] org.apache.catalina.core.StandardEngine.log:173 - Starting Servlet engine: [Apache Tomcat/9.0.65]
2022-11-20 15:47:27.060 [main] INFO  [] [schedule-ajob] o.a.c.core.ContainerBase.[Tomcat].[localhost].[/].log:173 - Initializing Spring embedded WebApplicationContext
2022-11-20 15:47:27.060 [main] INFO  [] [schedule-ajob] o.s.b.w.s.c.ServletWebServerApplicationContext.prepareWebApplicationContext:292 - Root WebApplicationContext: initialization completed in 1612 ms
2022-11-20 15:47:27.763 [main] INFO  [] [schedule-ajob] org.quartz.impl.StdSchedulerFactory.instantiate:1220 - Using default implementation for ThreadExecutor
2022-11-20 15:47:27.779 [main] INFO  [] [schedule-ajob] org.quartz.core.SchedulerSignalerImpl.<init>:61 - Initialized Scheduler Signaller of type: class org.quartz.core.SchedulerSignalerImpl
2022-11-20 15:47:27.779 [main] INFO  [] [schedule-ajob] org.quartz.core.QuartzScheduler.<init>:229 - Quartz Scheduler v.2.3.2 created.
2022-11-20 15:47:27.780 [main] INFO  [] [schedule-ajob] org.quartz.simpl.RAMJobStore.initialize:155 - RAMJobStore initialized.
2022-11-20 15:47:27.782 [main] INFO  [] [schedule-ajob] org.quartz.core.QuartzScheduler.initialize:294 - Scheduler meta-data: Quartz Scheduler (v2.3.2) 'quartzScheduler' with instanceId 'NON_CLUSTERED'
  Scheduler class: 'org.quartz.core.QuartzScheduler' - running locally.
  NOT STARTED.
  Currently in standby mode.
  Number of jobs executed: 0
  Using thread pool 'org.quartz.simpl.SimpleThreadPool' - with 10 threads.
  Using job-store 'org.quartz.simpl.RAMJobStore' - which does not support persistence. and is not clustered.

2022-11-20 15:47:27.782 [main] INFO  [] [schedule-ajob] org.quartz.impl.StdSchedulerFactory.instantiate:1374 - Quartz scheduler 'quartzScheduler' initialized from an externally provided properties instance.
2022-11-20 15:47:27.782 [main] INFO  [] [schedule-ajob] org.quartz.impl.StdSchedulerFactory.instantiate:1378 - Quartz scheduler version: 2.3.2
2022-11-20 15:47:27.782 [main] INFO  [] [schedule-ajob] org.quartz.core.QuartzScheduler.setJobFactory:2293 - JobFactory set to: org.springframework.scheduling.quartz.SpringBeanJobFactory@51a18b21
2022-11-20 15:47:27.825 [main] INFO  [] [schedule-ajob] org.apache.coyote.http11.Http11NioProtocol.log:173 - Starting ProtocolHandler ["http-nio-8768"]
2022-11-20 15:47:27.869 [main] INFO  [] [schedule-ajob] o.s.boot.web.embedded.tomcat.TomcatWebServer.start:220 - Tomcat started on port(s): 8768 (http) with context path ''
2022-11-20 15:47:27.871 [main] INFO  [] [schedule-ajob] o.s.scheduling.quartz.SchedulerFactoryBean.startScheduler:729 - Starting Quartz Scheduler now
2022-11-20 15:47:27.872 [main] INFO  [] [schedule-ajob] org.quartz.core.QuartzScheduler.start:547 - Scheduler quartzScheduler_$_NON_CLUSTERED started.
2022-11-20 15:47:27.884 [main] INFO  [] [schedule-ajob] c.j.tutorial.project.SpringBootProjectApplication.logStarted:61 - Started SpringBootProjectApplication in 3.299 seconds (JVM running for 3.787)
2022-11-20 15:47:30.044 [quartzScheduler_Worker-1] INFO  [c0a8581166893045003796e611952] [schedule-ajob] c.j.tutorial.project.schedule.SpringQuartzJobBean.executeInternal:24 - Spring Quartz Job Bean 开始执行任务
2022-11-20 15:47:30.044 [quartzScheduler_Worker-1] INFO  [c0a8581166893045003796e611952] [schedule-ajob] c.j.tutorial.project.schedule.SpringQuartzJobBean.lambda$executeInternal$0:27 - 任务参数 param, key:message, value:start Quartz Job data
2022-11-20 15:47:31.047 [quartzScheduler_Worker-1] INFO  [c0a8581166893045003796e611952] [schedule-ajob] c.j.tutorial.project.schedule.SpringQuartzJobBean.executeInternal:35 - Spring Quartz Job Bean 执行时间: 
2022-11-20 15:47:35.025 [quartzScheduler_Worker-2] INFO  [c0a8581166893045502467ca11952] [schedule-ajob] c.j.tutorial.project.schedule.SpringQuartzJobBean.executeInternal:24 - Spring Quartz Job Bean 开始执行任务
2022-11-20 15:47:35.025 [quartzScheduler_Worker-2] INFO  [c0a8581166893045502467ca11952] [schedule-ajob] c.j.tutorial.project.schedule.SpringQuartzJobBean.lambda$executeInternal$0:27 - 任务参数 param, key:message, value:start Quartz Job data
2022-11-20 15:47:36.027 [quartzScheduler_Worker-2] INFO  [c0a8581166893045502467ca11952] [schedule-ajob] c.j.tutorial.project.schedule.SpringQuartzJobBean.executeInternal:35 - Spring Quartz Job Bean 执行时间: 
2022-11-20 15:47:40.023 [quartzScheduler_Worker-3] INFO  [c0a85811668930460022e97311952] [schedule-ajob] c.j.tutorial.project.schedule.SpringQuartzJobBean.executeInternal:24 - Spring Quartz Job Bean 开始执行任务
2022-11-20 15:47:40.024 [quartzScheduler_Worker-3] INFO  [c0a85811668930460022e97311952] [schedule-ajob] c.j.tutorial.project.schedule.SpringQuartzJobBean.lambda$executeInternal$0:27 - 任务参数 param, key:message, value:start Quartz Job data
2022-11-20 15:47:41.025 [quartzScheduler_Worker-3] INFO  [c0a85811668930460022e97311952] [schedule-ajob] c.j.tutorial.project.schedule.SpringQuartzJobBean.executeInternal:35 - Spring Quartz Job Bean 执行时间: 
2022-11-20 15:47:45.025 [quartzScheduler_Worker-4] INFO  [c0a85811668930465024d3aa11952] [schedule-ajob] c.j.tutorial.project.schedule.SpringQuartzJobBean.executeInternal:24 - Spring Quartz Job Bean 开始执行任务
2022-11-20 15:47:45.025 [quartzScheduler_Worker-4] INFO  [c0a85811668930465024d3aa11952] [schedule-ajob] c.j.tutorial.project.schedule.SpringQuartzJobBean.lambda$executeInternal$0:27 - 任务参数 param, key:message, value:start Quartz Job data
2022-11-20 15:47:46.028 [quartzScheduler_Worker-4] INFO  [c0a85811668930465024d3aa11952] [schedule-ajob] c.j.tutorial.project.schedule.SpringQuartzJobBean.executeInternal:35 - Spring Quartz Job Bean 执行时间: 
2022-11-20 15:47:50.024 [quartzScheduler_Worker-5] INFO  [c0a85811668930470023807111952] [schedule-ajob] c.j.tutorial.project.schedule.SpringQuartzJobBean.executeInternal:24 - Spring Quartz Job Bean 开始执行任务
2022-11-20 15:47:50.024 [quartzScheduler_Worker-5] INFO  [c0a85811668930470023807111952] [schedule-ajob] c.j.tutorial.project.schedule.SpringQuartzJobBean.lambda$executeInternal$0:27 - 任务参数 param, key:message, value:start Quartz Job data
2022-11-20 15:47:51.037 [quartzScheduler_Worker-5] INFO  [c0a85811668930470023807111952] [schedule-ajob] c.j.tutorial.project.schedule.SpringQuartzJobBean.executeInternal:35 - Spring Quartz Job Bean 执行时间: 
2022-11-20 15:47:55.025 [quartzScheduler_Worker-6] INFO  [c0a8581166893047502410d911952] [schedule-ajob] c.j.tutorial.project.schedule.SpringQuartzJobBean.executeInternal:24 - Spring Quartz Job Bean 开始执行任务
2022-11-20 15:47:55.025 [quartzScheduler_Worker-6] INFO  [c0a8581166893047502410d911952] [schedule-ajob] c.j.tutorial.project.schedule.SpringQuartzJobBean.lambda$executeInternal$0:27 - 任务参数 param, key:message, value:start Quartz Job data
2022-11-20 15:47:56.025 [quartzScheduler_Worker-6] INFO  [c0a8581166893047502410d911952] [schedule-ajob] c.j.tutorial.project.schedule.SpringQuartzJobBean.executeInternal:35 - Spring Quartz Job Bean 执行时间: 
2022-11-20 15:48:00.023 [quartzScheduler_Worker-7] INFO  [c0a85811668930480023670e11952] [schedule-ajob] c.j.tutorial.project.schedule.SpringQuartzJobBean.executeInternal:24 - Spring Quartz Job Bean 开始执行任务
2022-11-20 15:48:00.023 [quartzScheduler_Worker-7] INFO  [c0a85811668930480023670e11952] [schedule-ajob] c.j.tutorial.project.schedule.SpringQuartzJobBean.lambda$executeInternal$0:27 - 任务参数 param, key:message, value:start Quartz Job data
2022-11-20 15:48:00.233 [SpringApplicationShutdownHook] INFO  [] [schedule-ajob] org.quartz.core.QuartzScheduler.standby:585 - Scheduler quartzScheduler_$_NON_CLUSTERED paused.
2022-11-20 15:48:00.266 [SpringApplicationShutdownHook] INFO  [] [schedule-ajob] o.s.scheduling.quartz.SchedulerFactoryBean.destroy:847 - Shutting down Quartz Scheduler
2022-11-20 15:48:00.266 [SpringApplicationShutdownHook] INFO  [] [schedule-ajob] org.quartz.core.QuartzScheduler.shutdown:666 - Scheduler quartzScheduler_$_NON_CLUSTERED shutting down.
2022-11-20 15:48:00.266 [SpringApplicationShutdownHook] INFO  [] [schedule-ajob] org.quartz.core.QuartzScheduler.standby:585 - Scheduler quartzScheduler_$_NON_CLUSTERED paused.
2022-11-20 15:48:00.267 [SpringApplicationShutdownHook] INFO  [] [schedule-ajob] org.quartz.core.QuartzScheduler.shutdown:740 - Scheduler quartzScheduler_$_NON_CLUSTERED shutdown complete.
